2013.04.22 13:56 B C:\Users\Danny\Desktop\Monarch School\PROJECT\css\date_input.css <-- disc /gl1181/mysqltesting/monarchschool/css date_input.css
2013.04.22 13:56 B C:\Users\Danny\Desktop\Monarch School\PROJECT\css\examples.min.css <-- disc /gl1181/mysqltesting/monarchschool/css examples.min.css
2013.04.22 13:56 B C:\Users\Danny\Desktop\Monarch School\PROJECT\css\facebox.css <-- disc /gl1181/mysqltesting/monarchschool/css facebox.css
2013.04.22 13:56 B C:\Users\Danny\Desktop\Monarch School\PROJECT\css\ie.css <-- disc /gl1181/mysqltesting/monarchschool/css ie.css
2013.04.22 13:56 B C:\Users\Danny\Desktop\Monarch School\PROJECT\css\jquery.jqplot.css <-- disc /gl1181/mysqltesting/monarchschool/css jquery.jqplot.css
2013.04.22 13:56 B C:\Users\Danny\Desktop\Monarch School\PROJECT\css\style.css <-- disc /gl1181/mysqltesting/monarchschool/css style.css
2013.04.22 13:56 B C:\Users\Danny\Desktop\Monarch School\PROJECT\css\stylesheet.css <-- disc /gl1181/mysqltesting/monarchschool/css stylesheet.css
2013.04.22 13:56 B C:\Users\Danny\Desktop\Monarch School\PROJECT\css\TitilliumText25L-webfont.eot <-- disc /gl1181/mysqltesting/monarchschool/css TitilliumText25L-webfont.eot
2013.04.22 13:56 B C:\Users\Danny\Desktop\Monarch School\PROJECT\css\TitilliumText25L-webfont.svg <-- disc /gl1181/mysqltesting/monarchschool/css TitilliumText25L-webfont.svg
2013.04.22 13:56 B C:\Users\Danny\Desktop\Monarch School\PROJECT\css\TitilliumText25L-webfont.ttf <-- disc /gl1181/mysqltesting/monarchschool/css TitilliumText25L-webfont.ttf
2013.04.22 13:56 B C:\Users\Danny\Desktop\Monarch School\PROJECT\css\TitilliumText25L-webfont.woff <-- disc /gl1181/mysqltesting/monarchschool/css TitilliumText25L-webfont.woff
2013.04.22 13:56 B C:\Users\Danny\Desktop\Monarch School\PROJECT\css\TitilliumText25L001-webfont.eot <-- disc /gl1181/mysqltesting/monarchschool/css TitilliumText25L001-webfont.eot
2013.04.22 13:56 B C:\Users\Danny\Desktop\Monarch School\PROJECT\css\TitilliumText25L001-webfont.svg <-- disc /gl1181/mysqltesting/monarchschool/css TitilliumText25L001-webfont.svg
2013.04.22 13:56 B C:\Users\Danny\Desktop\Monarch School\PROJECT\css\TitilliumText25L001-webfont.ttf <-- disc /gl1181/mysqltesting/monarchschool/css TitilliumText25L001-webfont.ttf
2013.04.22 13:56 B C:\Users\Danny\Desktop\Monarch School\PROJECT\css\TitilliumText25L001-webfont.woff <-- disc /gl1181/mysqltesting/monarchschool/css TitilliumText25L001-webfont.woff
2013.04.22 13:56 B C:\Users\Danny\Desktop\Monarch School\PROJECT\css\TitilliumText25L002-webfont.eot <-- disc /gl1181/mysqltesting/monarchschool/css TitilliumText25L002-webfont.eot
2013.04.22 13:56 B C:\Users\Danny\Desktop\Monarch School\PROJECT\css\TitilliumText25L002-webfont.svg <-- disc /gl1181/mysqltesting/monarchschool/css TitilliumText25L002-webfont.svg
2013.04.22 13:56 B C:\Users\Danny\Desktop\Monarch School\PROJECT\css\TitilliumText25L002-webfont.ttf <-- disc /gl1181/mysqltesting/monarchschool/css TitilliumText25L002-webfont.ttf
2013.04.22 13:56 B C:\Users\Danny\Desktop\Monarch School\PROJECT\css\TitilliumText25L002-webfont.woff <-- disc /gl1181/mysqltesting/monarchschool/css TitilliumText25L002-webfont.woff
2013.04.22 13:56 B C:\Users\Danny\Desktop\Monarch School\PROJECT\css\TitilliumText25L003-webfont.eot <-- disc /gl1181/mysqltesting/monarchschool/css TitilliumText25L003-webfont.eot
2013.04.22 13:56 B C:\Users\Danny\Desktop\Monarch School\PROJECT\css\TitilliumText25L003-webfont.svg <-- disc /gl1181/mysqltesting/monarchschool/css TitilliumText25L003-webfont.svg
2013.04.22 13:56 B C:\Users\Danny\Desktop\Monarch School\PROJECT\css\TitilliumText25L003-webfont.ttf <-- disc /gl1181/mysqltesting/monarchschool/css TitilliumText25L003-webfont.ttf
2013.04.22 13:56 B C:\Users\Danny\Desktop\Monarch School\PROJECT\css\TitilliumText25L003-webfont.woff <-- disc /gl1181/mysqltesting/monarchschool/css TitilliumText25L003-webfont.woff
2013.04.22 13:56 B C:\Users\Danny\Desktop\Monarch School\PROJECT\css\TitilliumText25L004-webfont.eot <-- disc /gl1181/mysqltesting/monarchschool/css TitilliumText25L004-webfont.eot
2013.04.22 13:56 B C:\Users\Danny\Desktop\Monarch School\PROJECT\css\TitilliumText25L004-webfont.svg <-- disc /gl1181/mysqltesting/monarchschool/css TitilliumText25L004-webfont.svg
2013.04.22 13:56 B C:\Users\Danny\Desktop\Monarch School\PROJECT\css\TitilliumText25L004-webfont.ttf <-- disc /gl1181/mysqltesting/monarchschool/css TitilliumText25L004-webfont.ttf
2013.04.22 13:56 B C:\Users\Danny\Desktop\Monarch School\PROJECT\css\TitilliumText25L004-webfont.woff <-- disc /gl1181/mysqltesting/monarchschool/css TitilliumText25L004-webfont.woff
2013.04.22 13:56 B C:\Users\Danny\Desktop\Monarch School\PROJECT\css\TitilliumText25L005-webfont.eot <-- disc /gl1181/mysqltesting/monarchschool/css TitilliumText25L005-webfont.eot
2013.04.22 13:56 B C:\Users\Danny\Desktop\Monarch School\PROJECT\css\TitilliumText25L005-webfont.svg <-- disc /gl1181/mysqltesting/monarchschool/css TitilliumText25L005-webfont.svg
2013.04.22 13:56 B C:\Users\Danny\Desktop\Monarch School\PROJECT\css\TitilliumText25L005-webfont.ttf <-- disc /gl1181/mysqltesting/monarchschool/css TitilliumText25L005-webfont.ttf
2013.04.22 13:56 B C:\Users\Danny\Desktop\Monarch School\PROJECT\css\TitilliumText25L005-webfont.woff <-- disc /gl1181/mysqltesting/monarchschool/css TitilliumText25L005-webfont.woff
2013.04.22 13:56 B C:\Users\Danny\Desktop\Monarch School\PROJECT\css\visualize.css <-- disc /gl1181/mysqltesting/monarchschool/css visualize.css
2013.04.22 13:59 B C:\Users\Danny\Desktop\Monarch School\PROJECT\css\WS_FTP.LOG --> disc-nt.cba.uh.edu /gl1181/monarchschool/css WS_FTP.LOG
2013.04.22 14:03 B C:\Users\Danny\Desktop\Monarch School\PROJECT\css\WS_FTP.LOG --> disc-nt.cba.uh.edu /gl1181/monarchschool/css WS_FTP.LOG
