2013.04.22 13:58 B C:\Users\Danny\Desktop\Monarch School\PROJECT\js\AjaxRequest.js <-- disc /gl1181/mysqltesting/monarchschool/js AjaxRequest.js
2013.04.22 13:58 B C:\Users\Danny\Desktop\Monarch School\PROJECT\js\ajaxupload.js <-- disc /gl1181/mysqltesting/monarchschool/js ajaxupload.js
2013.04.22 13:58 B C:\Users\Danny\Desktop\Monarch School\PROJECT\js\custom.js <-- disc /gl1181/mysqltesting/monarchschool/js custom.js
2013.04.22 13:58 B C:\Users\Danny\Desktop\Monarch School\PROJECT\js\excanvas.js <-- disc /gl1181/mysqltesting/monarchschool/js excanvas.js
2013.04.22 13:58 B C:\Users\Danny\Desktop\Monarch School\PROJECT\js\excanvas.min.js <-- disc /gl1181/mysqltesting/monarchschool/js excanvas.min.js
2013.04.22 13:58 B C:\Users\Danny\Desktop\Monarch School\PROJECT\js\facebox.js <-- disc /gl1181/mysqltesting/monarchschool/js facebox.js
2013.04.22 13:58 B C:\Users\Danny\Desktop\Monarch School\PROJECT\js\jqplot.barRenderer.js <-- disc /gl1181/mysqltesting/monarchschool/js jqplot.barRenderer.js
2013.04.22 13:58 B C:\Users\Danny\Desktop\Monarch School\PROJECT\js\jqplot.categoryAxisRenderer.js <-- disc /gl1181/mysqltesting/monarchschool/js jqplot.categoryAxisRenderer.js
2013.04.22 13:58 B C:\Users\Danny\Desktop\Monarch School\PROJECT\js\jqplot.dateAxisRenderer.js <-- disc /gl1181/mysqltesting/monarchschool/js jqplot.dateAxisRenderer.js
2013.04.22 13:58 B C:\Users\Danny\Desktop\Monarch School\PROJECT\js\jqplot.pointLabels.js <-- disc /gl1181/mysqltesting/monarchschool/js jqplot.pointLabels.js
2013.04.22 13:58 B C:\Users\Danny\Desktop\Monarch School\PROJECT\js\jquery.date_input.pack.js <-- disc /gl1181/mysqltesting/monarchschool/js jquery.date_input.pack.js
2013.04.22 13:58 B C:\Users\Danny\Desktop\Monarch School\PROJECT\js\jquery.filestyle.mini.js <-- disc /gl1181/mysqltesting/monarchschool/js jquery.filestyle.mini.js
2013.04.22 13:58 B C:\Users\Danny\Desktop\Monarch School\PROJECT\js\jquery.img.preload.js <-- disc /gl1181/mysqltesting/monarchschool/js jquery.img.preload.js
2013.04.22 13:58 B C:\Users\Danny\Desktop\Monarch School\PROJECT\js\jquery.jqplot.css <-- disc /gl1181/mysqltesting/monarchschool/js jquery.jqplot.css
2013.04.22 13:58 B C:\Users\Danny\Desktop\Monarch School\PROJECT\js\jquery.jqplot.js <-- disc /gl1181/mysqltesting/monarchschool/js jquery.jqplot.js
2013.04.22 13:58 B C:\Users\Danny\Desktop\Monarch School\PROJECT\js\jquery.jqplot.min.css <-- disc /gl1181/mysqltesting/monarchschool/js jquery.jqplot.min.css
2013.04.22 13:58 B C:\Users\Danny\Desktop\Monarch School\PROJECT\js\jquery.js <-- disc /gl1181/mysqltesting/monarchschool/js jquery.js
2013.04.22 13:58 B C:\Users\Danny\Desktop\Monarch School\PROJECT\js\jquery.pngfix.js <-- disc /gl1181/mysqltesting/monarchschool/js jquery.pngfix.js
2013.04.22 13:58 B C:\Users\Danny\Desktop\Monarch School\PROJECT\js\jquery.select_skin.js <-- disc /gl1181/mysqltesting/monarchschool/js jquery.select_skin.js
2013.04.22 13:58 B C:\Users\Danny\Desktop\Monarch School\PROJECT\js\jquery.tablesorter.min.js <-- disc /gl1181/mysqltesting/monarchschool/js jquery.tablesorter.min.js
2013.04.22 13:58 B C:\Users\Danny\Desktop\Monarch School\PROJECT\js\jquery.visualize.js <-- disc /gl1181/mysqltesting/monarchschool/js jquery.visualize.js
2013.04.22 13:58 B C:\Users\Danny\Desktop\Monarch School\PROJECT\js\jquery.visualize.tooltip.js <-- disc /gl1181/mysqltesting/monarchschool/js jquery.visualize.tooltip.js
2013.04.22 13:58 B C:\Users\Danny\Desktop\Monarch School\PROJECT\js\jquery.wysiwyg.js <-- disc /gl1181/mysqltesting/monarchschool/js jquery.wysiwyg.js
2013.04.22 13:58 B C:\Users\Danny\Desktop\Monarch School\PROJECT\js\Monarch_Ajax.asp <-- disc /gl1181/mysqltesting/monarchschool/js Monarch_Ajax.asp
2013.04.22 13:59 B C:\Users\Danny\Desktop\Monarch School\PROJECT\js\WS_FTP.LOG --> disc-nt.cba.uh.edu /gl1181/monarchschool/js WS_FTP.LOG
