2013.04.22 13:43 B C:\Users\Danny\Desktop\Monarch School\realrealdeploy\admin\js\AjaxRequest.js --> disc-nt.cba.uh.edu /gl1181/monarchschool/js AjaxRequest.js
2013.04.22 13:43 B C:\Users\Danny\Desktop\Monarch School\realrealdeploy\admin\js\ajaxupload.js --> disc-nt.cba.uh.edu /gl1181/monarchschool/js ajaxupload.js
2013.04.22 13:43 B C:\Users\Danny\Desktop\Monarch School\realrealdeploy\admin\js\custom.js --> disc-nt.cba.uh.edu /gl1181/monarchschool/js custom.js
2013.04.22 13:43 B C:\Users\Danny\Desktop\Monarch School\realrealdeploy\admin\js\excanvas.js --> disc-nt.cba.uh.edu /gl1181/monarchschool/js excanvas.js
2013.04.22 13:43 B C:\Users\Danny\Desktop\Monarch School\realrealdeploy\admin\js\excanvas.min.js --> disc-nt.cba.uh.edu /gl1181/monarchschool/js excanvas.min.js
2013.04.22 13:43 B C:\Users\Danny\Desktop\Monarch School\realrealdeploy\admin\js\facebox.js --> disc-nt.cba.uh.edu /gl1181/monarchschool/js facebox.js
2013.04.22 13:43 B C:\Users\Danny\Desktop\Monarch School\realrealdeploy\admin\js\jqplot.barRenderer.js --> disc-nt.cba.uh.edu /gl1181/monarchschool/js jqplot.barRenderer.js
2013.04.22 13:43 B C:\Users\Danny\Desktop\Monarch School\realrealdeploy\admin\js\jqplot.categoryAxisRenderer.js --> disc-nt.cba.uh.edu /gl1181/monarchschool/js jqplot.categoryAxisRenderer.js
2013.04.22 13:43 B C:\Users\Danny\Desktop\Monarch School\realrealdeploy\admin\js\jqplot.dateAxisRenderer.js --> disc-nt.cba.uh.edu /gl1181/monarchschool/js jqplot.dateAxisRenderer.js
2013.04.22 13:43 B C:\Users\Danny\Desktop\Monarch School\realrealdeploy\admin\js\jqplot.pointLabels.js --> disc-nt.cba.uh.edu /gl1181/monarchschool/js jqplot.pointLabels.js
2013.04.22 13:43 B C:\Users\Danny\Desktop\Monarch School\realrealdeploy\admin\js\jquery.date_input.pack.js --> disc-nt.cba.uh.edu /gl1181/monarchschool/js jquery.date_input.pack.js
2013.04.22 13:43 B C:\Users\Danny\Desktop\Monarch School\realrealdeploy\admin\js\jquery.filestyle.mini.js --> disc-nt.cba.uh.edu /gl1181/monarchschool/js jquery.filestyle.mini.js
2013.04.22 13:43 B C:\Users\Danny\Desktop\Monarch School\realrealdeploy\admin\js\jquery.img.preload.js --> disc-nt.cba.uh.edu /gl1181/monarchschool/js jquery.img.preload.js
2013.04.22 13:43 B C:\Users\Danny\Desktop\Monarch School\realrealdeploy\admin\js\jquery.jqplot.css --> disc-nt.cba.uh.edu /gl1181/monarchschool/js jquery.jqplot.css
2013.04.22 13:43 B C:\Users\Danny\Desktop\Monarch School\realrealdeploy\admin\js\jquery.jqplot.js --> disc-nt.cba.uh.edu /gl1181/monarchschool/js jquery.jqplot.js
2013.04.22 13:43 B C:\Users\Danny\Desktop\Monarch School\realrealdeploy\admin\js\jquery.jqplot.min.css --> disc-nt.cba.uh.edu /gl1181/monarchschool/js jquery.jqplot.min.css
2013.04.22 13:43 B C:\Users\Danny\Desktop\Monarch School\realrealdeploy\admin\js\jquery.js --> disc-nt.cba.uh.edu /gl1181/monarchschool/js jquery.js
2013.04.22 13:43 B C:\Users\Danny\Desktop\Monarch School\realrealdeploy\admin\js\jquery.pngfix.js --> disc-nt.cba.uh.edu /gl1181/monarchschool/js jquery.pngfix.js
2013.04.22 13:43 B C:\Users\Danny\Desktop\Monarch School\realrealdeploy\admin\js\jquery.select_skin.js --> disc-nt.cba.uh.edu /gl1181/monarchschool/js jquery.select_skin.js
2013.04.22 13:43 B C:\Users\Danny\Desktop\Monarch School\realrealdeploy\admin\js\jquery.tablesorter.min.js --> disc-nt.cba.uh.edu /gl1181/monarchschool/js jquery.tablesorter.min.js
2013.04.22 13:43 B C:\Users\Danny\Desktop\Monarch School\realrealdeploy\admin\js\jquery.visualize.js --> disc-nt.cba.uh.edu /gl1181/monarchschool/js jquery.visualize.js
2013.04.22 13:43 B C:\Users\Danny\Desktop\Monarch School\realrealdeploy\admin\js\jquery.visualize.tooltip.js --> disc-nt.cba.uh.edu /gl1181/monarchschool/js jquery.visualize.tooltip.js
2013.04.22 13:43 B C:\Users\Danny\Desktop\Monarch School\realrealdeploy\admin\js\jquery.wysiwyg.js --> disc-nt.cba.uh.edu /gl1181/monarchschool/js jquery.wysiwyg.js
2013.04.22 13:43 B C:\Users\Danny\Desktop\Monarch School\realrealdeploy\admin\js\Monarch_Ajax.asp --> disc-nt.cba.uh.edu /gl1181/monarchschool/js Monarch_Ajax.asp
2013.04.22 13:45 B C:\Users\Danny\Desktop\Monarch School\realrealdeploy\admin\js\C:\Users\Danny\Desktop\Monarch School\realrealdeploy\FIX\js\jquery.placeholder.js --> disc-nt.cba.uh.edu /gl1181/monarchschool/js jquery.placeholder.js
2013.04.22 13:48 B C:\Users\Danny\Desktop\Monarch School\realrealdeploy\admin\js\C:\Users\Danny\Desktop\Monarch School\realrealdeploy\FIX\add\student.asp --> disc-nt.cba.uh.edu /gl1181/monarchschool/add student.asp
2013.04.22 13:52 B C:\Users\Danny\Desktop\Monarch School\realrealdeploy\admin\js\Monarch_Ajax.asp --> disc-nt.cba.uh.edu /gl1181/monarchschool/js Monarch_Ajax.asp
2013.04.23 01:21 B C:\Users\Danny\Desktop\Monarch School\realrealdeploy\admin\js\AjaxRequest.js --> disc-nt.cba.uh.edu /gl1181/monarchschool/admin/js AjaxRequest.js
2013.04.23 01:21 B C:\Users\Danny\Desktop\Monarch School\realrealdeploy\admin\js\ajaxupload.js --> disc-nt.cba.uh.edu /gl1181/monarchschool/admin/js ajaxupload.js
2013.04.23 01:21 B C:\Users\Danny\Desktop\Monarch School\realrealdeploy\admin\js\custom.js --> disc-nt.cba.uh.edu /gl1181/monarchschool/admin/js custom.js
2013.04.23 01:21 B C:\Users\Danny\Desktop\Monarch School\realrealdeploy\admin\js\excanvas.js --> disc-nt.cba.uh.edu /gl1181/monarchschool/admin/js excanvas.js
2013.04.23 01:21 B C:\Users\Danny\Desktop\Monarch School\realrealdeploy\admin\js\excanvas.min.js --> disc-nt.cba.uh.edu /gl1181/monarchschool/admin/js excanvas.min.js
2013.04.23 01:22 B C:\Users\Danny\Desktop\Monarch School\realrealdeploy\admin\js\facebox.js --> disc-nt.cba.uh.edu /gl1181/monarchschool/admin/js facebox.js
2013.04.23 01:22 B C:\Users\Danny\Desktop\Monarch School\realrealdeploy\admin\js\jqplot.barRenderer.js --> disc-nt.cba.uh.edu /gl1181/monarchschool/admin/js jqplot.barRenderer.js
2013.04.23 01:22 B C:\Users\Danny\Desktop\Monarch School\realrealdeploy\admin\js\jqplot.categoryAxisRenderer.js --> disc-nt.cba.uh.edu /gl1181/monarchschool/admin/js jqplot.categoryAxisRenderer.js
2013.04.23 01:22 B C:\Users\Danny\Desktop\Monarch School\realrealdeploy\admin\js\jqplot.dateAxisRenderer.js --> disc-nt.cba.uh.edu /gl1181/monarchschool/admin/js jqplot.dateAxisRenderer.js
2013.04.23 01:22 B C:\Users\Danny\Desktop\Monarch School\realrealdeploy\admin\js\jqplot.pointLabels.js --> disc-nt.cba.uh.edu /gl1181/monarchschool/admin/js jqplot.pointLabels.js
2013.04.23 01:22 B C:\Users\Danny\Desktop\Monarch School\realrealdeploy\admin\js\jquery.date_input.pack.js --> disc-nt.cba.uh.edu /gl1181/monarchschool/admin/js jquery.date_input.pack.js
2013.04.23 01:22 B C:\Users\Danny\Desktop\Monarch School\realrealdeploy\admin\js\jquery.filestyle.mini.js --> disc-nt.cba.uh.edu /gl1181/monarchschool/admin/js jquery.filestyle.mini.js
2013.04.23 01:22 B C:\Users\Danny\Desktop\Monarch School\realrealdeploy\admin\js\jquery.img.preload.js --> disc-nt.cba.uh.edu /gl1181/monarchschool/admin/js jquery.img.preload.js
2013.04.23 01:22 B C:\Users\Danny\Desktop\Monarch School\realrealdeploy\admin\js\jquery.jqplot.css --> disc-nt.cba.uh.edu /gl1181/monarchschool/admin/js jquery.jqplot.css
2013.04.23 01:22 B C:\Users\Danny\Desktop\Monarch School\realrealdeploy\admin\js\jquery.jqplot.js --> disc-nt.cba.uh.edu /gl1181/monarchschool/admin/js jquery.jqplot.js
2013.04.23 01:22 B C:\Users\Danny\Desktop\Monarch School\realrealdeploy\admin\js\jquery.jqplot.min.css --> disc-nt.cba.uh.edu /gl1181/monarchschool/admin/js jquery.jqplot.min.css
2013.04.23 01:22 B C:\Users\Danny\Desktop\Monarch School\realrealdeploy\admin\js\jquery.js --> disc-nt.cba.uh.edu /gl1181/monarchschool/admin/js jquery.js
2013.04.23 01:22 B C:\Users\Danny\Desktop\Monarch School\realrealdeploy\admin\js\jquery.pngfix.js --> disc-nt.cba.uh.edu /gl1181/monarchschool/admin/js jquery.pngfix.js
2013.04.23 01:22 B C:\Users\Danny\Desktop\Monarch School\realrealdeploy\admin\js\jquery.select_skin.js --> disc-nt.cba.uh.edu /gl1181/monarchschool/admin/js jquery.select_skin.js
2013.04.23 01:22 B C:\Users\Danny\Desktop\Monarch School\realrealdeploy\admin\js\jquery.tablesorter.min.js --> disc-nt.cba.uh.edu /gl1181/monarchschool/admin/js jquery.tablesorter.min.js
2013.04.23 01:22 B C:\Users\Danny\Desktop\Monarch School\realrealdeploy\admin\js\jquery.visualize.js --> disc-nt.cba.uh.edu /gl1181/monarchschool/admin/js jquery.visualize.js
2013.04.23 01:22 B C:\Users\Danny\Desktop\Monarch School\realrealdeploy\admin\js\jquery.visualize.tooltip.js --> disc-nt.cba.uh.edu /gl1181/monarchschool/admin/js jquery.visualize.tooltip.js
2013.04.23 01:22 B C:\Users\Danny\Desktop\Monarch School\realrealdeploy\admin\js\jquery.wysiwyg.js --> disc-nt.cba.uh.edu /gl1181/monarchschool/admin/js jquery.wysiwyg.js
2013.04.23 01:22 B C:\Users\Danny\Desktop\Monarch School\realrealdeploy\admin\js\Monarch_Ajax.asp --> disc-nt.cba.uh.edu /gl1181/monarchschool/admin/js Monarch_Ajax.asp
