2013.04.22 13:56 B C:\Users\Danny\Desktop\Monarch School\PROJECT\images\ajax-loader.gif <-- disc /gl1181/mysqltesting/monarchschool/images ajax-loader.gif
2013.04.22 13:56 B C:\Users\Danny\Desktop\Monarch School\PROJECT\images\b.png <-- disc /gl1181/mysqltesting/monarchschool/images b.png
2013.04.22 13:56 B C:\Users\Danny\Desktop\Monarch School\PROJECT\images\bbg.gif <-- disc /gl1181/mysqltesting/monarchschool/images bbg.gif
2013.04.22 13:56 B C:\Users\Danny\Desktop\Monarch School\PROJECT\images\bbgs.gif <-- disc /gl1181/mysqltesting/monarchschool/images bbgs.gif
2013.04.22 13:56 B C:\Users\Danny\Desktop\Monarch School\PROJECT\images\bendl.gif <-- disc /gl1181/mysqltesting/monarchschool/images bendl.gif
2013.04.22 13:56 B C:\Users\Danny\Desktop\Monarch School\PROJECT\images\bendr.gif <-- disc /gl1181/mysqltesting/monarchschool/images bendr.gif
2013.04.22 13:56 B C:\Users\Danny\Desktop\Monarch School\PROJECT\images\bendsb.gif <-- disc /gl1181/mysqltesting/monarchschool/images bendsb.gif
2013.04.22 13:56 B C:\Users\Danny\Desktop\Monarch School\PROJECT\images\bg.jpg <-- disc /gl1181/mysqltesting/monarchschool/images bg.jpg
2013.04.22 13:56 B C:\Users\Danny\Desktop\Monarch School\PROJECT\images\bhead.gif <-- disc /gl1181/mysqltesting/monarchschool/images bhead.gif
2013.04.22 13:56 B C:\Users\Danny\Desktop\Monarch School\PROJECT\images\bheadl.gif <-- disc /gl1181/mysqltesting/monarchschool/images bheadl.gif
2013.04.22 13:56 B C:\Users\Danny\Desktop\Monarch School\PROJECT\images\bheadr.gif <-- disc /gl1181/mysqltesting/monarchschool/images bheadr.gif
2013.04.22 13:56 B C:\Users\Danny\Desktop\Monarch School\PROJECT\images\bl.png <-- disc /gl1181/mysqltesting/monarchschool/images bl.png
2013.04.22 13:56 B C:\Users\Danny\Desktop\Monarch School\PROJECT\images\bnd.gif <-- disc /gl1181/mysqltesting/monarchschool/images bnd.gif
2013.04.22 13:56 B C:\Users\Danny\Desktop\Monarch School\PROJECT\images\br.png <-- disc /gl1181/mysqltesting/monarchschool/images br.png
2013.04.22 13:56 B C:\Users\Danny\Desktop\Monarch School\PROJECT\images\btnb.gif <-- disc /gl1181/mysqltesting/monarchschool/images btnb.gif
2013.04.22 13:56 B C:\Users\Danny\Desktop\Monarch School\PROJECT\images\btnb_.gif <-- disc /gl1181/mysqltesting/monarchschool/images btnb_.gif
2013.04.22 13:56 B C:\Users\Danny\Desktop\Monarch School\PROJECT\images\btnm.gif <-- disc /gl1181/mysqltesting/monarchschool/images btnm.gif
2013.04.22 13:56 B C:\Users\Danny\Desktop\Monarch School\PROJECT\images\btnm_.gif <-- disc /gl1181/mysqltesting/monarchschool/images btnm_.gif
2013.04.22 13:56 B C:\Users\Danny\Desktop\Monarch School\PROJECT\images\btns.gif <-- disc /gl1181/mysqltesting/monarchschool/images btns.gif
2013.04.22 13:56 B C:\Users\Danny\Desktop\Monarch School\PROJECT\images\btns_.gif <-- disc /gl1181/mysqltesting/monarchschool/images btns_.gif
2013.04.22 13:56 B C:\Users\Danny\Desktop\Monarch School\PROJECT\images\cal.jpg <-- disc /gl1181/mysqltesting/monarchschool/images cal.jpg
2013.04.22 13:56 B C:\Users\Danny\Desktop\Monarch School\PROJECT\images\close.png <-- disc /gl1181/mysqltesting/monarchschool/images close.png
2013.04.22 13:56 B C:\Users\Danny\Desktop\Monarch School\PROJECT\images\closelabel.gif <-- disc /gl1181/mysqltesting/monarchschool/images closelabel.gif
2013.04.22 13:57 B C:\Users\Danny\Desktop\Monarch School\PROJECT\images\delete_16.png <-- disc /gl1181/mysqltesting/monarchschool/images delete_16.png
2013.04.22 13:58 B C:\Users\Danny\Desktop\Monarch School\PROJECT\images\error.gif <-- disc /gl1181/mysqltesting/monarchschool/images error.gif
2013.04.22 13:58 B C:\Users\Danny\Desktop\Monarch School\PROJECT\images\favicon.ico <-- disc /gl1181/mysqltesting/monarchschool/images favicon.ico
2013.04.22 13:58 B C:\Users\Danny\Desktop\Monarch School\PROJECT\images\favicon2.ico <-- disc /gl1181/mysqltesting/monarchschool/images favicon2.ico
2013.04.22 13:58 B C:\Users\Danny\Desktop\Monarch School\PROJECT\images\footer.png <-- disc /gl1181/mysqltesting/monarchschool/images footer.png
2013.04.22 13:58 B C:\Users\Danny\Desktop\Monarch School\PROJECT\images\ft.gif <-- disc /gl1181/mysqltesting/monarchschool/images ft.gif
2013.04.22 13:58 B C:\Users\Danny\Desktop\Monarch School\PROJECT\images\hdr.gif <-- disc /gl1181/mysqltesting/monarchschool/images hdr.gif
2013.04.22 13:58 B C:\Users\Danny\Desktop\Monarch School\PROJECT\images\hdrl.gif <-- disc /gl1181/mysqltesting/monarchschool/images hdrl.gif
2013.04.22 13:58 B C:\Users\Danny\Desktop\Monarch School\PROJECT\images\hdrr.gif <-- disc /gl1181/mysqltesting/monarchschool/images hdrr.gif
2013.04.22 13:58 B C:\Users\Danny\Desktop\Monarch School\PROJECT\images\hld.jpg <-- disc /gl1181/mysqltesting/monarchschool/images hld.jpg
2013.04.22 13:58 B C:\Users\Danny\Desktop\Monarch School\PROJECT\images\imgb.gif <-- disc /gl1181/mysqltesting/monarchschool/images imgb.gif
2013.04.22 13:58 B C:\Users\Danny\Desktop\Monarch School\PROJECT\images\imgo.gif <-- disc /gl1181/mysqltesting/monarchschool/images imgo.gif
2013.04.22 13:58 B C:\Users\Danny\Desktop\Monarch School\PROJECT\images\imgt.gif <-- disc /gl1181/mysqltesting/monarchschool/images imgt.gif
2013.04.22 13:58 B C:\Users\Danny\Desktop\Monarch School\PROJECT\images\info.gif <-- disc /gl1181/mysqltesting/monarchschool/images info.gif
2013.04.22 13:58 B C:\Users\Danny\Desktop\Monarch School\PROJECT\images\li.gif <-- disc /gl1181/mysqltesting/monarchschool/images li.gif
2013.04.22 13:58 B C:\Users\Danny\Desktop\Monarch School\PROJECT\images\loading.gif <-- disc /gl1181/mysqltesting/monarchschool/images loading.gif
2013.04.22 13:58 B C:\Users\Danny\Desktop\Monarch School\PROJECT\images\mbg.png <-- disc /gl1181/mysqltesting/monarchschool/images mbg.png
2013.04.22 13:58 B C:\Users\Danny\Desktop\Monarch School\PROJECT\images\nsp.gif <-- disc /gl1181/mysqltesting/monarchschool/images nsp.gif
2013.04.22 13:58 B C:\Users\Danny\Desktop\Monarch School\PROJECT\images\pencil_16.png <-- disc /gl1181/mysqltesting/monarchschool/images pencil_16.png
2013.04.22 13:58 B C:\Users\Danny\Desktop\Monarch School\PROJECT\images\phs.gif <-- disc /gl1181/mysqltesting/monarchschool/images phs.gif
2013.04.22 13:58 B C:\Users\Danny\Desktop\Monarch School\PROJECT\images\sdd.jpg <-- disc /gl1181/mysqltesting/monarchschool/images sdd.jpg
2013.04.22 13:58 B C:\Users\Danny\Desktop\Monarch School\PROJECT\images\sdd_.jpg <-- disc /gl1181/mysqltesting/monarchschool/images sdd_.jpg
2013.04.22 13:58 B C:\Users\Danny\Desktop\Monarch School\PROJECT\images\sidebar.gif <-- disc /gl1181/mysqltesting/monarchschool/images sidebar.gif
2013.04.22 13:58 B C:\Users\Danny\Desktop\Monarch School\PROJECT\images\sorta.gif <-- disc /gl1181/mysqltesting/monarchschool/images sorta.gif
2013.04.22 13:58 B C:\Users\Danny\Desktop\Monarch School\PROJECT\images\sortd.gif <-- disc /gl1181/mysqltesting/monarchschool/images sortd.gif
2013.04.22 13:58 B C:\Users\Danny\Desktop\Monarch School\PROJECT\images\srch.gif <-- disc /gl1181/mysqltesting/monarchschool/images srch.gif
2013.04.22 13:58 B C:\Users\Danny\Desktop\Monarch School\PROJECT\images\srch_.gif <-- disc /gl1181/mysqltesting/monarchschool/images srch_.gif
2013.04.22 13:58 B C:\Users\Danny\Desktop\Monarch School\PROJECT\images\success.gif <-- disc /gl1181/mysqltesting/monarchschool/images success.gif
2013.04.22 13:58 B C:\Users\Danny\Desktop\Monarch School\PROJECT\images\tiny.gif <-- disc /gl1181/mysqltesting/monarchschool/images tiny.gif
2013.04.22 13:58 B C:\Users\Danny\Desktop\Monarch School\PROJECT\images\tiny_.gif <-- disc /gl1181/mysqltesting/monarchschool/images tiny_.gif
2013.04.22 13:58 B C:\Users\Danny\Desktop\Monarch School\PROJECT\images\tl.png <-- disc /gl1181/mysqltesting/monarchschool/images tl.png
2013.04.22 13:58 B C:\Users\Danny\Desktop\Monarch School\PROJECT\images\tr.png <-- disc /gl1181/mysqltesting/monarchschool/images tr.png
2013.04.22 13:58 B C:\Users\Danny\Desktop\Monarch School\PROJECT\images\upload.gif <-- disc /gl1181/mysqltesting/monarchschool/images upload.gif
2013.04.22 13:58 B C:\Users\Danny\Desktop\Monarch School\PROJECT\images\warning.gif <-- disc /gl1181/mysqltesting/monarchschool/images warning.gif
2013.04.22 13:59 B C:\Users\Danny\Desktop\Monarch School\PROJECT\images\delete_16.png --> disc-nt.cba.uh.edu /gl1181/monarchschool/images delete_16.png
2013.04.22 13:59 B C:\Users\Danny\Desktop\Monarch School\PROJECT\images\WS_FTP.LOG --> disc-nt.cba.uh.edu /gl1181/monarchschool/images WS_FTP.LOG
2013.04.22 14:04 B C:\Users\Danny\Desktop\Monarch School\PROJECT\images\WS_FTP.LOG --> disc-nt.cba.uh.edu /gl1181/monarchschool/images WS_FTP.LOG
