2013.04.22 13:43 B C:\Users\Danny\Desktop\Monarch School\realrealdeploy\admin\fonts\titillium\SIL Open Font License 1.1.txt --> disc-nt.cba.uh.edu /gl1181/monarchschool/fonts/titillium SIL Open Font License 1.1.txt
2013.04.22 13:43 B C:\Users\Danny\Desktop\Monarch School\realrealdeploy\admin\fonts\titillium\stylesheet.css --> disc-nt.cba.uh.edu /gl1181/monarchschool/fonts/titillium stylesheet.css
2013.04.22 13:43 B C:\Users\Danny\Desktop\Monarch School\realrealdeploy\admin\fonts\titillium\Titillium_title03.eot --> disc-nt.cba.uh.edu /gl1181/monarchschool/fonts/titillium Titillium_title03.eot
2013.04.22 13:43 B C:\Users\Danny\Desktop\Monarch School\realrealdeploy\admin\fonts\titillium\Titillium_title03.ttf --> disc-nt.cba.uh.edu /gl1181/monarchschool/fonts/titillium Titillium_title03.ttf
2013.04.22 13:43 B C:\Users\Danny\Desktop\Monarch School\realrealdeploy\admin\fonts\titillium\TitilliumText1.eot --> disc-nt.cba.uh.edu /gl1181/monarchschool/fonts/titillium TitilliumText1.eot
2013.04.22 13:43 B C:\Users\Danny\Desktop\Monarch School\realrealdeploy\admin\fonts\titillium\TitilliumText1.ttf --> disc-nt.cba.uh.edu /gl1181/monarchschool/fonts/titillium TitilliumText1.ttf
2013.04.22 13:43 B C:\Users\Danny\Desktop\Monarch School\realrealdeploy\admin\fonts\titillium\TitilliumText250wt.eot --> disc-nt.cba.uh.edu /gl1181/monarchschool/fonts/titillium TitilliumText250wt.eot
2013.04.22 13:43 B C:\Users\Danny\Desktop\Monarch School\realrealdeploy\admin\fonts\titillium\TitilliumText250wt.ttf --> disc-nt.cba.uh.edu /gl1181/monarchschool/fonts/titillium TitilliumText250wt.ttf
2013.04.22 13:43 B C:\Users\Danny\Desktop\Monarch School\realrealdeploy\admin\fonts\titillium\TitilliumText400wt.eot --> disc-nt.cba.uh.edu /gl1181/monarchschool/fonts/titillium TitilliumText400wt.eot
2013.04.22 13:43 B C:\Users\Danny\Desktop\Monarch School\realrealdeploy\admin\fonts\titillium\TitilliumText400wt.ttf --> disc-nt.cba.uh.edu /gl1181/monarchschool/fonts/titillium TitilliumText400wt.ttf
2013.04.22 13:43 B C:\Users\Danny\Desktop\Monarch School\realrealdeploy\admin\fonts\titillium\TitilliumText600wt.eot --> disc-nt.cba.uh.edu /gl1181/monarchschool/fonts/titillium TitilliumText600wt.eot
2013.04.22 13:43 B C:\Users\Danny\Desktop\Monarch School\realrealdeploy\admin\fonts\titillium\TitilliumText600wt.ttf --> disc-nt.cba.uh.edu /gl1181/monarchschool/fonts/titillium TitilliumText600wt.ttf
2013.04.22 13:43 B C:\Users\Danny\Desktop\Monarch School\realrealdeploy\admin\fonts\titillium\TitilliumText800wt.eot --> disc-nt.cba.uh.edu /gl1181/monarchschool/fonts/titillium TitilliumText800wt.eot
2013.04.22 13:43 B C:\Users\Danny\Desktop\Monarch School\realrealdeploy\admin\fonts\titillium\TitilliumText800wt.ttf --> disc-nt.cba.uh.edu /gl1181/monarchschool/fonts/titillium TitilliumText800wt.ttf
2013.04.22 13:43 B C:\Users\Danny\Desktop\Monarch School\realrealdeploy\admin\fonts\titillium\TitilliumText999wt.eot --> disc-nt.cba.uh.edu /gl1181/monarchschool/fonts/titillium TitilliumText999wt.eot
2013.04.22 13:43 B C:\Users\Danny\Desktop\Monarch School\realrealdeploy\admin\fonts\titillium\TitilliumText999wt.ttf --> disc-nt.cba.uh.edu /gl1181/monarchschool/fonts/titillium TitilliumText999wt.ttf
2013.04.23 01:21 B C:\Users\Danny\Desktop\Monarch School\realrealdeploy\admin\fonts\titillium\SIL Open Font License 1.1.txt --> disc-nt.cba.uh.edu /gl1181/monarchschool/admin/fonts/titillium SIL Open Font License 1.1.txt
2013.04.23 01:21 B C:\Users\Danny\Desktop\Monarch School\realrealdeploy\admin\fonts\titillium\stylesheet.css --> disc-nt.cba.uh.edu /gl1181/monarchschool/admin/fonts/titillium stylesheet.css
2013.04.23 01:21 B C:\Users\Danny\Desktop\Monarch School\realrealdeploy\admin\fonts\titillium\Titillium_title03.eot --> disc-nt.cba.uh.edu /gl1181/monarchschool/admin/fonts/titillium Titillium_title03.eot
2013.04.23 01:21 B C:\Users\Danny\Desktop\Monarch School\realrealdeploy\admin\fonts\titillium\Titillium_title03.ttf --> disc-nt.cba.uh.edu /gl1181/monarchschool/admin/fonts/titillium Titillium_title03.ttf
2013.04.23 01:21 B C:\Users\Danny\Desktop\Monarch School\realrealdeploy\admin\fonts\titillium\TitilliumText1.eot --> disc-nt.cba.uh.edu /gl1181/monarchschool/admin/fonts/titillium TitilliumText1.eot
2013.04.23 01:21 B C:\Users\Danny\Desktop\Monarch School\realrealdeploy\admin\fonts\titillium\TitilliumText1.ttf --> disc-nt.cba.uh.edu /gl1181/monarchschool/admin/fonts/titillium TitilliumText1.ttf
2013.04.23 01:21 B C:\Users\Danny\Desktop\Monarch School\realrealdeploy\admin\fonts\titillium\TitilliumText250wt.eot --> disc-nt.cba.uh.edu /gl1181/monarchschool/admin/fonts/titillium TitilliumText250wt.eot
2013.04.23 01:21 B C:\Users\Danny\Desktop\Monarch School\realrealdeploy\admin\fonts\titillium\TitilliumText250wt.ttf --> disc-nt.cba.uh.edu /gl1181/monarchschool/admin/fonts/titillium TitilliumText250wt.ttf
2013.04.23 01:21 B C:\Users\Danny\Desktop\Monarch School\realrealdeploy\admin\fonts\titillium\TitilliumText400wt.eot --> disc-nt.cba.uh.edu /gl1181/monarchschool/admin/fonts/titillium TitilliumText400wt.eot
2013.04.23 01:21 B C:\Users\Danny\Desktop\Monarch School\realrealdeploy\admin\fonts\titillium\TitilliumText400wt.ttf --> disc-nt.cba.uh.edu /gl1181/monarchschool/admin/fonts/titillium TitilliumText400wt.ttf
2013.04.23 01:21 B C:\Users\Danny\Desktop\Monarch School\realrealdeploy\admin\fonts\titillium\TitilliumText600wt.eot --> disc-nt.cba.uh.edu /gl1181/monarchschool/admin/fonts/titillium TitilliumText600wt.eot
2013.04.23 01:21 B C:\Users\Danny\Desktop\Monarch School\realrealdeploy\admin\fonts\titillium\TitilliumText600wt.ttf --> disc-nt.cba.uh.edu /gl1181/monarchschool/admin/fonts/titillium TitilliumText600wt.ttf
2013.04.23 01:21 B C:\Users\Danny\Desktop\Monarch School\realrealdeploy\admin\fonts\titillium\TitilliumText800wt.eot --> disc-nt.cba.uh.edu /gl1181/monarchschool/admin/fonts/titillium TitilliumText800wt.eot
2013.04.23 01:21 B C:\Users\Danny\Desktop\Monarch School\realrealdeploy\admin\fonts\titillium\TitilliumText800wt.ttf --> disc-nt.cba.uh.edu /gl1181/monarchschool/admin/fonts/titillium TitilliumText800wt.ttf
2013.04.23 01:21 B C:\Users\Danny\Desktop\Monarch School\realrealdeploy\admin\fonts\titillium\TitilliumText999wt.eot --> disc-nt.cba.uh.edu /gl1181/monarchschool/admin/fonts/titillium TitilliumText999wt.eot
2013.04.23 01:21 B C:\Users\Danny\Desktop\Monarch School\realrealdeploy\admin\fonts\titillium\TitilliumText999wt.ttf --> disc-nt.cba.uh.edu /gl1181/monarchschool/admin/fonts/titillium TitilliumText999wt.ttf
