2013.04.22 13:58 B C:\Users\Danny\Desktop\Monarch School\PROJECT\view\examples.min.css <-- disc /gl1181/mysqltesting/monarchschool/view examples.min.css
2013.04.22 13:58 B C:\Users\Danny\Desktop\Monarch School\PROJECT\view\excanvas.js <-- disc /gl1181/mysqltesting/monarchschool/view excanvas.js
2013.04.22 13:58 B C:\Users\Danny\Desktop\Monarch School\PROJECT\view\excanvas.min.js <-- disc /gl1181/mysqltesting/monarchschool/view excanvas.min.js
2013.04.22 13:58 B C:\Users\Danny\Desktop\Monarch School\PROJECT\view\jqplot.barRenderer.js <-- disc /gl1181/mysqltesting/monarchschool/view jqplot.barRenderer.js
2013.04.22 13:58 B C:\Users\Danny\Desktop\Monarch School\PROJECT\view\jqplot.categoryAxisRenderer.js <-- disc /gl1181/mysqltesting/monarchschool/view jqplot.categoryAxisRenderer.js
2013.04.22 13:58 B C:\Users\Danny\Desktop\Monarch School\PROJECT\view\jqplot.dateAxisRenderer.js <-- disc /gl1181/mysqltesting/monarchschool/view jqplot.dateAxisRenderer.js
2013.04.22 13:58 B C:\Users\Danny\Desktop\Monarch School\PROJECT\view\jqplot.pointLabels.js <-- disc /gl1181/mysqltesting/monarchschool/view jqplot.pointLabels.js
2013.04.22 13:58 B C:\Users\Danny\Desktop\Monarch School\PROJECT\view\jquery.jqplot.css <-- disc /gl1181/mysqltesting/monarchschool/view jquery.jqplot.css
2013.04.22 13:58 B C:\Users\Danny\Desktop\Monarch School\PROJECT\view\jquery.jqplot.js <-- disc /gl1181/mysqltesting/monarchschool/view jquery.jqplot.js
2013.04.22 13:58 B C:\Users\Danny\Desktop\Monarch School\PROJECT\view\jquery.jqplot.min.css <-- disc /gl1181/mysqltesting/monarchschool/view jquery.jqplot.min.css
2013.04.22 13:58 B C:\Users\Danny\Desktop\Monarch School\PROJECT\view\jquery.js <-- disc /gl1181/mysqltesting/monarchschool/view jquery.js
2013.04.22 13:58 B C:\Users\Danny\Desktop\Monarch School\PROJECT\view\shCoreDefault.min.css <-- disc /gl1181/mysqltesting/monarchschool/view shCoreDefault.min.css
2013.04.22 13:58 B C:\Users\Danny\Desktop\Monarch School\PROJECT\view\shThemejqPlot.min.css <-- disc /gl1181/mysqltesting/monarchschool/view shThemejqPlot.min.css
2013.04.22 13:58 B C:\Users\Danny\Desktop\Monarch School\PROJECT\view\student.asp <-- disc /gl1181/mysqltesting/monarchschool/view student.asp
2013.04.22 13:59 B C:\Users\Danny\Desktop\Monarch School\PROJECT\view\examples.min.css --> disc-nt.cba.uh.edu /gl1181/monarchschool/view examples.min.css
2013.04.22 13:59 B C:\Users\Danny\Desktop\Monarch School\PROJECT\view\excanvas.js --> disc-nt.cba.uh.edu /gl1181/monarchschool/view excanvas.js
2013.04.22 13:59 B C:\Users\Danny\Desktop\Monarch School\PROJECT\view\excanvas.min.js --> disc-nt.cba.uh.edu /gl1181/monarchschool/view excanvas.min.js
2013.04.22 13:59 B C:\Users\Danny\Desktop\Monarch School\PROJECT\view\jqplot.barRenderer.js --> disc-nt.cba.uh.edu /gl1181/monarchschool/view jqplot.barRenderer.js
2013.04.22 13:59 B C:\Users\Danny\Desktop\Monarch School\PROJECT\view\jqplot.categoryAxisRenderer.js --> disc-nt.cba.uh.edu /gl1181/monarchschool/view jqplot.categoryAxisRenderer.js
2013.04.22 13:59 B C:\Users\Danny\Desktop\Monarch School\PROJECT\view\jqplot.dateAxisRenderer.js --> disc-nt.cba.uh.edu /gl1181/monarchschool/view jqplot.dateAxisRenderer.js
2013.04.22 13:59 B C:\Users\Danny\Desktop\Monarch School\PROJECT\view\jqplot.pointLabels.js --> disc-nt.cba.uh.edu /gl1181/monarchschool/view jqplot.pointLabels.js
2013.04.22 13:59 B C:\Users\Danny\Desktop\Monarch School\PROJECT\view\jquery.jqplot.css --> disc-nt.cba.uh.edu /gl1181/monarchschool/view jquery.jqplot.css
2013.04.22 13:59 B C:\Users\Danny\Desktop\Monarch School\PROJECT\view\jquery.jqplot.js --> disc-nt.cba.uh.edu /gl1181/monarchschool/view jquery.jqplot.js
2013.04.22 13:59 B C:\Users\Danny\Desktop\Monarch School\PROJECT\view\jquery.jqplot.min.css --> disc-nt.cba.uh.edu /gl1181/monarchschool/view jquery.jqplot.min.css
2013.04.22 13:59 B C:\Users\Danny\Desktop\Monarch School\PROJECT\view\jquery.js --> disc-nt.cba.uh.edu /gl1181/monarchschool/view jquery.js
2013.04.22 13:59 B C:\Users\Danny\Desktop\Monarch School\PROJECT\view\shCoreDefault.min.css --> disc-nt.cba.uh.edu /gl1181/monarchschool/view shCoreDefault.min.css
2013.04.22 13:59 B C:\Users\Danny\Desktop\Monarch School\PROJECT\view\shThemejqPlot.min.css --> disc-nt.cba.uh.edu /gl1181/monarchschool/view shThemejqPlot.min.css
2013.04.22 13:59 B C:\Users\Danny\Desktop\Monarch School\PROJECT\view\WS_FTP.LOG --> disc-nt.cba.uh.edu /gl1181/monarchschool/view WS_FTP.LOG
