2013.04.22 13:42 B C:\Users\Danny\Desktop\Monarch School\realrealdeploy\admin\css\date_input.css --> disc-nt.cba.uh.edu /gl1181/monarchschool/css date_input.css
2013.04.22 13:42 B C:\Users\Danny\Desktop\Monarch School\realrealdeploy\admin\css\examples.min.css --> disc-nt.cba.uh.edu /gl1181/monarchschool/css examples.min.css
2013.04.22 13:42 B C:\Users\Danny\Desktop\Monarch School\realrealdeploy\admin\css\facebox.css --> disc-nt.cba.uh.edu /gl1181/monarchschool/css facebox.css
2013.04.22 13:42 B C:\Users\Danny\Desktop\Monarch School\realrealdeploy\admin\css\ie.css --> disc-nt.cba.uh.edu /gl1181/monarchschool/css ie.css
2013.04.22 13:42 B C:\Users\Danny\Desktop\Monarch School\realrealdeploy\admin\css\jquery.jqplot.css --> disc-nt.cba.uh.edu /gl1181/monarchschool/css jquery.jqplot.css
2013.04.22 13:42 B C:\Users\Danny\Desktop\Monarch School\realrealdeploy\admin\css\style.css --> disc-nt.cba.uh.edu /gl1181/monarchschool/css style.css
2013.04.22 13:42 B C:\Users\Danny\Desktop\Monarch School\realrealdeploy\admin\css\stylesheet.css --> disc-nt.cba.uh.edu /gl1181/monarchschool/css stylesheet.css
2013.04.22 13:42 B C:\Users\Danny\Desktop\Monarch School\realrealdeploy\admin\css\TitilliumText25L-webfont.eot --> disc-nt.cba.uh.edu /gl1181/monarchschool/css TitilliumText25L-webfont.eot
2013.04.22 13:42 B C:\Users\Danny\Desktop\Monarch School\realrealdeploy\admin\css\TitilliumText25L-webfont.svg --> disc-nt.cba.uh.edu /gl1181/monarchschool/css TitilliumText25L-webfont.svg
2013.04.22 13:42 B C:\Users\Danny\Desktop\Monarch School\realrealdeploy\admin\css\TitilliumText25L-webfont.ttf --> disc-nt.cba.uh.edu /gl1181/monarchschool/css TitilliumText25L-webfont.ttf
2013.04.22 13:42 B C:\Users\Danny\Desktop\Monarch School\realrealdeploy\admin\css\TitilliumText25L-webfont.woff --> disc-nt.cba.uh.edu /gl1181/monarchschool/css TitilliumText25L-webfont.woff
2013.04.22 13:42 B C:\Users\Danny\Desktop\Monarch School\realrealdeploy\admin\css\TitilliumText25L001-webfont.eot --> disc-nt.cba.uh.edu /gl1181/monarchschool/css TitilliumText25L001-webfont.eot
2013.04.22 13:42 B C:\Users\Danny\Desktop\Monarch School\realrealdeploy\admin\css\TitilliumText25L001-webfont.svg --> disc-nt.cba.uh.edu /gl1181/monarchschool/css TitilliumText25L001-webfont.svg
2013.04.22 13:42 B C:\Users\Danny\Desktop\Monarch School\realrealdeploy\admin\css\TitilliumText25L001-webfont.ttf --> disc-nt.cba.uh.edu /gl1181/monarchschool/css TitilliumText25L001-webfont.ttf
2013.04.22 13:42 B C:\Users\Danny\Desktop\Monarch School\realrealdeploy\admin\css\TitilliumText25L001-webfont.woff --> disc-nt.cba.uh.edu /gl1181/monarchschool/css TitilliumText25L001-webfont.woff
2013.04.22 13:42 B C:\Users\Danny\Desktop\Monarch School\realrealdeploy\admin\css\TitilliumText25L002-webfont.eot --> disc-nt.cba.uh.edu /gl1181/monarchschool/css TitilliumText25L002-webfont.eot
2013.04.22 13:42 B C:\Users\Danny\Desktop\Monarch School\realrealdeploy\admin\css\TitilliumText25L002-webfont.svg --> disc-nt.cba.uh.edu /gl1181/monarchschool/css TitilliumText25L002-webfont.svg
2013.04.22 13:42 B C:\Users\Danny\Desktop\Monarch School\realrealdeploy\admin\css\TitilliumText25L002-webfont.ttf --> disc-nt.cba.uh.edu /gl1181/monarchschool/css TitilliumText25L002-webfont.ttf
2013.04.22 13:42 B C:\Users\Danny\Desktop\Monarch School\realrealdeploy\admin\css\TitilliumText25L002-webfont.woff --> disc-nt.cba.uh.edu /gl1181/monarchschool/css TitilliumText25L002-webfont.woff
2013.04.22 13:42 B C:\Users\Danny\Desktop\Monarch School\realrealdeploy\admin\css\TitilliumText25L003-webfont.eot --> disc-nt.cba.uh.edu /gl1181/monarchschool/css TitilliumText25L003-webfont.eot
2013.04.22 13:42 B C:\Users\Danny\Desktop\Monarch School\realrealdeploy\admin\css\TitilliumText25L003-webfont.svg --> disc-nt.cba.uh.edu /gl1181/monarchschool/css TitilliumText25L003-webfont.svg
2013.04.22 13:42 B C:\Users\Danny\Desktop\Monarch School\realrealdeploy\admin\css\TitilliumText25L003-webfont.ttf --> disc-nt.cba.uh.edu /gl1181/monarchschool/css TitilliumText25L003-webfont.ttf
2013.04.22 13:42 B C:\Users\Danny\Desktop\Monarch School\realrealdeploy\admin\css\TitilliumText25L003-webfont.woff --> disc-nt.cba.uh.edu /gl1181/monarchschool/css TitilliumText25L003-webfont.woff
2013.04.22 13:42 B C:\Users\Danny\Desktop\Monarch School\realrealdeploy\admin\css\TitilliumText25L004-webfont.eot --> disc-nt.cba.uh.edu /gl1181/monarchschool/css TitilliumText25L004-webfont.eot
2013.04.22 13:42 B C:\Users\Danny\Desktop\Monarch School\realrealdeploy\admin\css\TitilliumText25L004-webfont.svg --> disc-nt.cba.uh.edu /gl1181/monarchschool/css TitilliumText25L004-webfont.svg
2013.04.22 13:42 B C:\Users\Danny\Desktop\Monarch School\realrealdeploy\admin\css\TitilliumText25L004-webfont.ttf --> disc-nt.cba.uh.edu /gl1181/monarchschool/css TitilliumText25L004-webfont.ttf
2013.04.22 13:42 B C:\Users\Danny\Desktop\Monarch School\realrealdeploy\admin\css\TitilliumText25L004-webfont.woff --> disc-nt.cba.uh.edu /gl1181/monarchschool/css TitilliumText25L004-webfont.woff
2013.04.22 13:42 B C:\Users\Danny\Desktop\Monarch School\realrealdeploy\admin\css\TitilliumText25L005-webfont.eot --> disc-nt.cba.uh.edu /gl1181/monarchschool/css TitilliumText25L005-webfont.eot
2013.04.22 13:42 B C:\Users\Danny\Desktop\Monarch School\realrealdeploy\admin\css\TitilliumText25L005-webfont.svg --> disc-nt.cba.uh.edu /gl1181/monarchschool/css TitilliumText25L005-webfont.svg
2013.04.22 13:42 B C:\Users\Danny\Desktop\Monarch School\realrealdeploy\admin\css\TitilliumText25L005-webfont.ttf --> disc-nt.cba.uh.edu /gl1181/monarchschool/css TitilliumText25L005-webfont.ttf
2013.04.22 13:42 B C:\Users\Danny\Desktop\Monarch School\realrealdeploy\admin\css\TitilliumText25L005-webfont.woff --> disc-nt.cba.uh.edu /gl1181/monarchschool/css TitilliumText25L005-webfont.woff
2013.04.22 13:42 B C:\Users\Danny\Desktop\Monarch School\realrealdeploy\admin\css\visualize.css --> disc-nt.cba.uh.edu /gl1181/monarchschool/css visualize.css
2013.04.23 01:21 B C:\Users\Danny\Desktop\Monarch School\realrealdeploy\admin\css\date_input.css --> disc-nt.cba.uh.edu /gl1181/monarchschool/admin/css date_input.css
2013.04.23 01:21 B C:\Users\Danny\Desktop\Monarch School\realrealdeploy\admin\css\examples.min.css --> disc-nt.cba.uh.edu /gl1181/monarchschool/admin/css examples.min.css
2013.04.23 01:21 B C:\Users\Danny\Desktop\Monarch School\realrealdeploy\admin\css\facebox.css --> disc-nt.cba.uh.edu /gl1181/monarchschool/admin/css facebox.css
2013.04.23 01:21 B C:\Users\Danny\Desktop\Monarch School\realrealdeploy\admin\css\ie.css --> disc-nt.cba.uh.edu /gl1181/monarchschool/admin/css ie.css
2013.04.23 01:21 B C:\Users\Danny\Desktop\Monarch School\realrealdeploy\admin\css\jquery.jqplot.css --> disc-nt.cba.uh.edu /gl1181/monarchschool/admin/css jquery.jqplot.css
2013.04.23 01:21 B C:\Users\Danny\Desktop\Monarch School\realrealdeploy\admin\css\style.css --> disc-nt.cba.uh.edu /gl1181/monarchschool/admin/css style.css
2013.04.23 01:21 B C:\Users\Danny\Desktop\Monarch School\realrealdeploy\admin\css\stylesheet.css --> disc-nt.cba.uh.edu /gl1181/monarchschool/admin/css stylesheet.css
2013.04.23 01:21 B C:\Users\Danny\Desktop\Monarch School\realrealdeploy\admin\css\TitilliumText25L-webfont.eot --> disc-nt.cba.uh.edu /gl1181/monarchschool/admin/css TitilliumText25L-webfont.eot
2013.04.23 01:21 B C:\Users\Danny\Desktop\Monarch School\realrealdeploy\admin\css\TitilliumText25L-webfont.svg --> disc-nt.cba.uh.edu /gl1181/monarchschool/admin/css TitilliumText25L-webfont.svg
2013.04.23 01:21 B C:\Users\Danny\Desktop\Monarch School\realrealdeploy\admin\css\TitilliumText25L-webfont.ttf --> disc-nt.cba.uh.edu /gl1181/monarchschool/admin/css TitilliumText25L-webfont.ttf
2013.04.23 01:21 B C:\Users\Danny\Desktop\Monarch School\realrealdeploy\admin\css\TitilliumText25L-webfont.woff --> disc-nt.cba.uh.edu /gl1181/monarchschool/admin/css TitilliumText25L-webfont.woff
2013.04.23 01:21 B C:\Users\Danny\Desktop\Monarch School\realrealdeploy\admin\css\TitilliumText25L001-webfont.eot --> disc-nt.cba.uh.edu /gl1181/monarchschool/admin/css TitilliumText25L001-webfont.eot
2013.04.23 01:21 B C:\Users\Danny\Desktop\Monarch School\realrealdeploy\admin\css\TitilliumText25L001-webfont.svg --> disc-nt.cba.uh.edu /gl1181/monarchschool/admin/css TitilliumText25L001-webfont.svg
2013.04.23 01:21 B C:\Users\Danny\Desktop\Monarch School\realrealdeploy\admin\css\TitilliumText25L001-webfont.ttf --> disc-nt.cba.uh.edu /gl1181/monarchschool/admin/css TitilliumText25L001-webfont.ttf
2013.04.23 01:21 B C:\Users\Danny\Desktop\Monarch School\realrealdeploy\admin\css\TitilliumText25L001-webfont.woff --> disc-nt.cba.uh.edu /gl1181/monarchschool/admin/css TitilliumText25L001-webfont.woff
2013.04.23 01:21 B C:\Users\Danny\Desktop\Monarch School\realrealdeploy\admin\css\TitilliumText25L002-webfont.eot --> disc-nt.cba.uh.edu /gl1181/monarchschool/admin/css TitilliumText25L002-webfont.eot
2013.04.23 01:21 B C:\Users\Danny\Desktop\Monarch School\realrealdeploy\admin\css\TitilliumText25L002-webfont.svg --> disc-nt.cba.uh.edu /gl1181/monarchschool/admin/css TitilliumText25L002-webfont.svg
2013.04.23 01:21 B C:\Users\Danny\Desktop\Monarch School\realrealdeploy\admin\css\TitilliumText25L002-webfont.ttf --> disc-nt.cba.uh.edu /gl1181/monarchschool/admin/css TitilliumText25L002-webfont.ttf
2013.04.23 01:21 B C:\Users\Danny\Desktop\Monarch School\realrealdeploy\admin\css\TitilliumText25L002-webfont.woff --> disc-nt.cba.uh.edu /gl1181/monarchschool/admin/css TitilliumText25L002-webfont.woff
2013.04.23 01:21 B C:\Users\Danny\Desktop\Monarch School\realrealdeploy\admin\css\TitilliumText25L003-webfont.eot --> disc-nt.cba.uh.edu /gl1181/monarchschool/admin/css TitilliumText25L003-webfont.eot
2013.04.23 01:21 B C:\Users\Danny\Desktop\Monarch School\realrealdeploy\admin\css\TitilliumText25L003-webfont.svg --> disc-nt.cba.uh.edu /gl1181/monarchschool/admin/css TitilliumText25L003-webfont.svg
2013.04.23 01:21 B C:\Users\Danny\Desktop\Monarch School\realrealdeploy\admin\css\TitilliumText25L003-webfont.ttf --> disc-nt.cba.uh.edu /gl1181/monarchschool/admin/css TitilliumText25L003-webfont.ttf
2013.04.23 01:21 B C:\Users\Danny\Desktop\Monarch School\realrealdeploy\admin\css\TitilliumText25L003-webfont.woff --> disc-nt.cba.uh.edu /gl1181/monarchschool/admin/css TitilliumText25L003-webfont.woff
2013.04.23 01:21 B C:\Users\Danny\Desktop\Monarch School\realrealdeploy\admin\css\TitilliumText25L004-webfont.eot --> disc-nt.cba.uh.edu /gl1181/monarchschool/admin/css TitilliumText25L004-webfont.eot
2013.04.23 01:21 B C:\Users\Danny\Desktop\Monarch School\realrealdeploy\admin\css\TitilliumText25L004-webfont.svg --> disc-nt.cba.uh.edu /gl1181/monarchschool/admin/css TitilliumText25L004-webfont.svg
2013.04.23 01:21 B C:\Users\Danny\Desktop\Monarch School\realrealdeploy\admin\css\TitilliumText25L004-webfont.ttf --> disc-nt.cba.uh.edu /gl1181/monarchschool/admin/css TitilliumText25L004-webfont.ttf
2013.04.23 01:21 B C:\Users\Danny\Desktop\Monarch School\realrealdeploy\admin\css\TitilliumText25L004-webfont.woff --> disc-nt.cba.uh.edu /gl1181/monarchschool/admin/css TitilliumText25L004-webfont.woff
2013.04.23 01:21 B C:\Users\Danny\Desktop\Monarch School\realrealdeploy\admin\css\TitilliumText25L005-webfont.eot --> disc-nt.cba.uh.edu /gl1181/monarchschool/admin/css TitilliumText25L005-webfont.eot
2013.04.23 01:21 B C:\Users\Danny\Desktop\Monarch School\realrealdeploy\admin\css\TitilliumText25L005-webfont.svg --> disc-nt.cba.uh.edu /gl1181/monarchschool/admin/css TitilliumText25L005-webfont.svg
2013.04.23 01:21 B C:\Users\Danny\Desktop\Monarch School\realrealdeploy\admin\css\TitilliumText25L005-webfont.ttf --> disc-nt.cba.uh.edu /gl1181/monarchschool/admin/css TitilliumText25L005-webfont.ttf
2013.04.23 01:21 B C:\Users\Danny\Desktop\Monarch School\realrealdeploy\admin\css\TitilliumText25L005-webfont.woff --> disc-nt.cba.uh.edu /gl1181/monarchschool/admin/css TitilliumText25L005-webfont.woff
2013.04.23 01:21 B C:\Users\Danny\Desktop\Monarch School\realrealdeploy\admin\css\visualize.css --> disc-nt.cba.uh.edu /gl1181/monarchschool/admin/css visualize.css
